   0  $accept : program $end

   1  program : PROGRAM list END

   2  stmt : ';'
   3       | PRINT STRING ';'
   4       | PRINT expr ';'
   5       | READ VARIABLE ';'
   6       | VARIABLE '=' expr ';'
   7       | WHILE '(' expr ')' stmt
   8       | IF '(' expr ')' stmt
   9       | IF '(' expr ')' stmt ELSE stmt
  10       | '{' list '}'

  11  list : stmt
  12       | list stmt

  13  expr : INTEGER
  14       | VARIABLE
  15       | '-' expr
  16       | expr '+' expr
  17       | expr '-' expr
  18       | expr '*' expr
  19       | expr '/' expr
  20       | expr '%' expr
  21       | expr '<' expr
  22       | expr '>' expr
  23       | expr GE expr
  24       | expr LE expr
  25       | expr NE expr
  26       | expr EQ expr
  27       | '(' expr ')'

state 0
	$accept : . program $end  (0)

	PROGRAM  shift 1
	.  error

	program  goto 2


state 1
	program : PROGRAM . list END  (1)

	VARIABLE  shift 3
	WHILE  shift 4
	IF  shift 5
	PRINT  shift 6
	READ  shift 7
	';'  shift 8
	'{'  shift 9
	.  error

	stmt  goto 10
	list  goto 11


state 2
	$accept : program . $end  (0)

	$end  accept


state 3
	stmt : VARIABLE . '=' expr ';'  (6)

	'='  shift 12
	.  error


state 4
	stmt : WHILE . '(' expr ')' stmt  (7)

	'('  shift 13
	.  error


state 5
	stmt : IF . '(' expr ')' stmt  (8)
	stmt : IF . '(' expr ')' stmt ELSE stmt  (9)

	'('  shift 14
	.  error


state 6
	stmt : PRINT . STRING ';'  (3)
	stmt : PRINT . expr ';'  (4)

	INTEGER  shift 15
	VARIABLE  shift 16
	STRING  shift 17
	'-'  shift 18
	'('  shift 19
	.  error

	expr  goto 20


state 7
	stmt : READ . VARIABLE ';'  (5)

	VARIABLE  shift 21
	.  error


state 8
	stmt : ';' .  (2)

	.  reduce 2


state 9
	stmt : '{' . list '}'  (10)

	VARIABLE  shift 3
	WHILE  shift 4
	IF  shift 5
	PRINT  shift 6
	READ  shift 7
	';'  shift 8
	'{'  shift 9
	.  error

	stmt  goto 10
	list  goto 22


state 10
	list : stmt .  (11)

	.  reduce 11


state 11
	program : PROGRAM list . END  (1)
	list : list . stmt  (12)

	VARIABLE  shift 3
	WHILE  shift 4
	IF  shift 5
	PRINT  shift 6
	READ  shift 7
	END  shift 23
	';'  shift 8
	'{'  shift 9
	.  error

	stmt  goto 24


state 12
	stmt : VARIABLE '=' . expr ';'  (6)

	INTEGER  shift 15
	VARIABLE  shift 16
	'-'  shift 18
	'('  shift 19
	.  error

	expr  goto 25


state 13
	stmt : WHILE '(' . expr ')' stmt  (7)

	INTEGER  shift 15
	VARIABLE  shift 16
	'-'  shift 18
	'('  shift 19
	.  error

	expr  goto 26


state 14
	stmt : IF '(' . expr ')' stmt  (8)
	stmt : IF '(' . expr ')' stmt ELSE stmt  (9)

	INTEGER  shift 15
	VARIABLE  shift 16
	'-'  shift 18
	'('  shift 19
	.  error

	expr  goto 27


state 15
	expr : INTEGER .  (13)

	.  reduce 13


state 16
	expr : VARIABLE .  (14)

	.  reduce 14


state 17
	stmt : PRINT STRING . ';'  (3)

	';'  shift 28
	.  error


state 18
	expr : '-' . expr  (15)

	INTEGER  shift 15
	VARIABLE  shift 16
	'-'  shift 18
	'('  shift 19
	.  error

	expr  goto 29


state 19
	expr : '(' . expr ')'  (27)

	INTEGER  shift 15
	VARIABLE  shift 16
	'-'  shift 18
	'('  shift 19
	.  error

	expr  goto 30


state 20
	stmt : PRINT expr . ';'  (4)
	expr : expr . '+' expr  (16)
	expr : expr . '-' expr  (17)
	expr : expr . '*' expr  (18)
	expr : expr . '/' expr  (19)
	expr : expr . '%' expr  (20)
	expr : expr . '<' expr  (21)
	expr : expr . '>' expr  (22)
	expr : expr . GE expr  (23)
	expr : expr . LE expr  (24)
	expr : expr . NE expr  (25)
	expr : expr . EQ expr  (26)

	GE  shift 31
	LE  shift 32
	EQ  shift 33
	NE  shift 34
	'>'  shift 35
	'<'  shift 36
	'+'  shift 37
	'-'  shift 38
	'*'  shift 39
	'/'  shift 40
	'%'  shift 41
	';'  shift 42
	.  error


state 21
	stmt : READ VARIABLE . ';'  (5)

	';'  shift 43
	.  error


state 22
	stmt : '{' list . '}'  (10)
	list : list . stmt  (12)

	VARIABLE  shift 3
	WHILE  shift 4
	IF  shift 5
	PRINT  shift 6
	READ  shift 7
	';'  shift 8
	'{'  shift 9
	'}'  shift 44
	.  error

	stmt  goto 24


state 23
	program : PROGRAM list END .  (1)

	.  reduce 1


state 24
	list : list stmt .  (12)

	.  reduce 12


state 25
	stmt : VARIABLE '=' expr . ';'  (6)
	expr : expr . '+' expr  (16)
	expr : expr . '-' expr  (17)
	expr : expr . '*' expr  (18)
	expr : expr . '/' expr  (19)
	expr : expr . '%' expr  (20)
	expr : expr . '<' expr  (21)
	expr : expr . '>' expr  (22)
	expr : expr . GE expr  (23)
	expr : expr . LE expr  (24)
	expr : expr . NE expr  (25)
	expr : expr . EQ expr  (26)

	GE  shift 31
	LE  shift 32
	EQ  shift 33
	NE  shift 34
	'>'  shift 35
	'<'  shift 36
	'+'  shift 37
	'-'  shift 38
	'*'  shift 39
	'/'  shift 40
	'%'  shift 41
	';'  shift 45
	.  error


state 26
	stmt : WHILE '(' expr . ')' stmt  (7)
	expr : expr . '+' expr  (16)
	expr : expr . '-' expr  (17)
	expr : expr . '*' expr  (18)
	expr : expr . '/' expr  (19)
	expr : expr . '%' expr  (20)
	expr : expr . '<' expr  (21)
	expr : expr . '>' expr  (22)
	expr : expr . GE expr  (23)
	expr : expr . LE expr  (24)
	expr : expr . NE expr  (25)
	expr : expr . EQ expr  (26)

	GE  shift 31
	LE  shift 32
	EQ  shift 33
	NE  shift 34
	'>'  shift 35
	'<'  shift 36
	'+'  shift 37
	'-'  shift 38
	'*'  shift 39
	'/'  shift 40
	'%'  shift 41
	')'  shift 46
	.  error


state 27
	stmt : IF '(' expr . ')' stmt  (8)
	stmt : IF '(' expr . ')' stmt ELSE stmt  (9)
	expr : expr . '+' expr  (16)
	expr : expr . '-' expr  (17)
	expr : expr . '*' expr  (18)
	expr : expr . '/' expr  (19)
	expr : expr . '%' expr  (20)
	expr : expr . '<' expr  (21)
	expr : expr . '>' expr  (22)
	expr : expr . GE expr  (23)
	expr : expr . LE expr  (24)
	expr : expr . NE expr  (25)
	expr : expr . EQ expr  (26)

	GE  shift 31
	LE  shift 32
	EQ  shift 33
	NE  shift 34
	'>'  shift 35
	'<'  shift 36
	'+'  shift 37
	'-'  shift 38
	'*'  shift 39
	'/'  shift 40
	'%'  shift 41
	')'  shift 47
	.  error


state 28
	stmt : PRINT STRING ';' .  (3)

	.  reduce 3


state 29
	expr : '-' expr .  (15)
	expr : expr . '+' expr  (16)
	expr : expr . '-' expr  (17)
	expr : expr . '*' expr  (18)
	expr : expr . '/' expr  (19)
	expr : expr . '%' expr  (20)
	expr : expr . '<' expr  (21)
	expr : expr . '>' expr  (22)
	expr : expr . GE expr  (23)
	expr : expr . LE expr  (24)
	expr : expr . NE expr  (25)
	expr : expr . EQ expr  (26)

	.  reduce 15


state 30
	expr : expr . '+' expr  (16)
	expr : expr . '-' expr  (17)
	expr : expr . '*' expr  (18)
	expr : expr . '/' expr  (19)
	expr : expr . '%' expr  (20)
	expr : expr . '<' expr  (21)
	expr : expr . '>' expr  (22)
	expr : expr . GE expr  (23)
	expr : expr . LE expr  (24)
	expr : expr . NE expr  (25)
	expr : expr . EQ expr  (26)
	expr : '(' expr . ')'  (27)

	GE  shift 31
	LE  shift 32
	EQ  shift 33
	NE  shift 34
	'>'  shift 35
	'<'  shift 36
	'+'  shift 37
	'-'  shift 38
	'*'  shift 39
	'/'  shift 40
	'%'  shift 41
	')'  shift 48
	.  error


state 31
	expr : expr GE . expr  (23)

	INTEGER  shift 15
	VARIABLE  shift 16
	'-'  shift 18
	'('  shift 19
	.  error

	expr  goto 49


state 32
	expr : expr LE . expr  (24)

	INTEGER  shift 15
	VARIABLE  shift 16
	'-'  shift 18
	'('  shift 19
	.  error

	expr  goto 50


state 33
	expr : expr EQ . expr  (26)

	INTEGER  shift 15
	VARIABLE  shift 16
	'-'  shift 18
	'('  shift 19
	.  error

	expr  goto 51


state 34
	expr : expr NE . expr  (25)

	INTEGER  shift 15
	VARIABLE  shift 16
	'-'  shift 18
	'('  shift 19
	.  error

	expr  goto 52


state 35
	expr : expr '>' . expr  (22)

	INTEGER  shift 15
	VARIABLE  shift 16
	'-'  shift 18
	'('  shift 19
	.  error

	expr  goto 53


state 36
	expr : expr '<' . expr  (21)

	INTEGER  shift 15
	VARIABLE  shift 16
	'-'  shift 18
	'('  shift 19
	.  error

	expr  goto 54


state 37
	expr : expr '+' . expr  (16)

	INTEGER  shift 15
	VARIABLE  shift 16
	'-'  shift 18
	'('  shift 19
	.  error

	expr  goto 55


state 38
	expr : expr '-' . expr  (17)

	INTEGER  shift 15
	VARIABLE  shift 16
	'-'  shift 18
	'('  shift 19
	.  error

	expr  goto 56


state 39
	expr : expr '*' . expr  (18)

	INTEGER  shift 15
	VARIABLE  shift 16
	'-'  shift 18
	'('  shift 19
	.  error

	expr  goto 57


state 40
	expr : expr '/' . expr  (19)

	INTEGER  shift 15
	VARIABLE  shift 16
	'-'  shift 18
	'('  shift 19
	.  error

	expr  goto 58


state 41
	expr : expr '%' . expr  (20)

	INTEGER  shift 15
	VARIABLE  shift 16
	'-'  shift 18
	'('  shift 19
	.  error

	expr  goto 59


state 42
	stmt : PRINT expr ';' .  (4)

	.  reduce 4


state 43
	stmt : READ VARIABLE ';' .  (5)

	.  reduce 5


state 44
	stmt : '{' list '}' .  (10)

	.  reduce 10


state 45
	stmt : VARIABLE '=' expr ';' .  (6)

	.  reduce 6


state 46
	stmt : WHILE '(' expr ')' . stmt  (7)

	VARIABLE  shift 3
	WHILE  shift 4
	IF  shift 5
	PRINT  shift 6
	READ  shift 7
	';'  shift 8
	'{'  shift 9
	.  error

	stmt  goto 60


state 47
	stmt : IF '(' expr ')' . stmt  (8)
	stmt : IF '(' expr ')' . stmt ELSE stmt  (9)

	VARIABLE  shift 3
	WHILE  shift 4
	IF  shift 5
	PRINT  shift 6
	READ  shift 7
	';'  shift 8
	'{'  shift 9
	.  error

	stmt  goto 61


state 48
	expr : '(' expr ')' .  (27)

	.  reduce 27


state 49
	expr : expr . '+' expr  (16)
	expr : expr . '-' expr  (17)
	expr : expr . '*' expr  (18)
	expr : expr . '/' expr  (19)
	expr : expr . '%' expr  (20)
	expr : expr . '<' expr  (21)
	expr : expr . '>' expr  (22)
	expr : expr . GE expr  (23)
	expr : expr GE expr .  (23)
	expr : expr . LE expr  (24)
	expr : expr . NE expr  (25)
	expr : expr . EQ expr  (26)

	'+'  shift 37
	'-'  shift 38
	'*'  shift 39
	'/'  shift 40
	'%'  shift 41
	GE  reduce 23
	LE  reduce 23
	EQ  reduce 23
	NE  reduce 23
	'>'  reduce 23
	'<'  reduce 23
	';'  reduce 23
	')'  reduce 23


state 50
	expr : expr . '+' expr  (16)
	expr : expr . '-' expr  (17)
	expr : expr . '*' expr  (18)
	expr : expr . '/' expr  (19)
	expr : expr . '%' expr  (20)
	expr : expr . '<' expr  (21)
	expr : expr . '>' expr  (22)
	expr : expr . GE expr  (23)
	expr : expr . LE expr  (24)
	expr : expr LE expr .  (24)
	expr : expr . NE expr  (25)
	expr : expr . EQ expr  (26)

	'+'  shift 37
	'-'  shift 38
	'*'  shift 39
	'/'  shift 40
	'%'  shift 41
	GE  reduce 24
	LE  reduce 24
	EQ  reduce 24
	NE  reduce 24
	'>'  reduce 24
	'<'  reduce 24
	';'  reduce 24
	')'  reduce 24


state 51
	expr : expr . '+' expr  (16)
	expr : expr . '-' expr  (17)
	expr : expr . '*' expr  (18)
	expr : expr . '/' expr  (19)
	expr : expr . '%' expr  (20)
	expr : expr . '<' expr  (21)
	expr : expr . '>' expr  (22)
	expr : expr . GE expr  (23)
	expr : expr . LE expr  (24)
	expr : expr . NE expr  (25)
	expr : expr . EQ expr  (26)
	expr : expr EQ expr .  (26)

	'+'  shift 37
	'-'  shift 38
	'*'  shift 39
	'/'  shift 40
	'%'  shift 41
	GE  reduce 26
	LE  reduce 26
	EQ  reduce 26
	NE  reduce 26
	'>'  reduce 26
	'<'  reduce 26
	';'  reduce 26
	')'  reduce 26


state 52
	expr : expr . '+' expr  (16)
	expr : expr . '-' expr  (17)
	expr : expr . '*' expr  (18)
	expr : expr . '/' expr  (19)
	expr : expr . '%' expr  (20)
	expr : expr . '<' expr  (21)
	expr : expr . '>' expr  (22)
	expr : expr . GE expr  (23)
	expr : expr . LE expr  (24)
	expr : expr . NE expr  (25)
	expr : expr NE expr .  (25)
	expr : expr . EQ expr  (26)

	'+'  shift 37
	'-'  shift 38
	'*'  shift 39
	'/'  shift 40
	'%'  shift 41
	GE  reduce 25
	LE  reduce 25
	EQ  reduce 25
	NE  reduce 25
	'>'  reduce 25
	'<'  reduce 25
	';'  reduce 25
	')'  reduce 25


state 53
	expr : expr . '+' expr  (16)
	expr : expr . '-' expr  (17)
	expr : expr . '*' expr  (18)
	expr : expr . '/' expr  (19)
	expr : expr . '%' expr  (20)
	expr : expr . '<' expr  (21)
	expr : expr . '>' expr  (22)
	expr : expr '>' expr .  (22)
	expr : expr . GE expr  (23)
	expr : expr . LE expr  (24)
	expr : expr . NE expr  (25)
	expr : expr . EQ expr  (26)

	'+'  shift 37
	'-'  shift 38
	'*'  shift 39
	'/'  shift 40
	'%'  shift 41
	GE  reduce 22
	LE  reduce 22
	EQ  reduce 22
	NE  reduce 22
	'>'  reduce 22
	'<'  reduce 22
	';'  reduce 22
	')'  reduce 22


state 54
	expr : expr . '+' expr  (16)
	expr : expr . '-' expr  (17)
	expr : expr . '*' expr  (18)
	expr : expr . '/' expr  (19)
	expr : expr . '%' expr  (20)
	expr : expr . '<' expr  (21)
	expr : expr '<' expr .  (21)
	expr : expr . '>' expr  (22)
	expr : expr . GE expr  (23)
	expr : expr . LE expr  (24)
	expr : expr . NE expr  (25)
	expr : expr . EQ expr  (26)

	'+'  shift 37
	'-'  shift 38
	'*'  shift 39
	'/'  shift 40
	'%'  shift 41
	GE  reduce 21
	LE  reduce 21
	EQ  reduce 21
	NE  reduce 21
	'>'  reduce 21
	'<'  reduce 21
	';'  reduce 21
	')'  reduce 21


state 55
	expr : expr . '+' expr  (16)
	expr : expr '+' expr .  (16)
	expr : expr . '-' expr  (17)
	expr : expr . '*' expr  (18)
	expr : expr . '/' expr  (19)
	expr : expr . '%' expr  (20)
	expr : expr . '<' expr  (21)
	expr : expr . '>' expr  (22)
	expr : expr . GE expr  (23)
	expr : expr . LE expr  (24)
	expr : expr . NE expr  (25)
	expr : expr . EQ expr  (26)

	'*'  shift 39
	'/'  shift 40
	'%'  shift 41
	GE  reduce 16
	LE  reduce 16
	EQ  reduce 16
	NE  reduce 16
	'>'  reduce 16
	'<'  reduce 16
	'+'  reduce 16
	'-'  reduce 16
	';'  reduce 16
	')'  reduce 16


state 56
	expr : expr . '+' expr  (16)
	expr : expr . '-' expr  (17)
	expr : expr '-' expr .  (17)
	expr : expr . '*' expr  (18)
	expr : expr . '/' expr  (19)
	expr : expr . '%' expr  (20)
	expr : expr . '<' expr  (21)
	expr : expr . '>' expr  (22)
	expr : expr . GE expr  (23)
	expr : expr . LE expr  (24)
	expr : expr . NE expr  (25)
	expr : expr . EQ expr  (26)

	'*'  shift 39
	'/'  shift 40
	'%'  shift 41
	GE  reduce 17
	LE  reduce 17
	EQ  reduce 17
	NE  reduce 17
	'>'  reduce 17
	'<'  reduce 17
	'+'  reduce 17
	'-'  reduce 17
	';'  reduce 17
	')'  reduce 17


state 57
	expr : expr . '+' expr  (16)
	expr : expr . '-' expr  (17)
	expr : expr . '*' expr  (18)
	expr : expr '*' expr .  (18)
	expr : expr . '/' expr  (19)
	expr : expr . '%' expr  (20)
	expr : expr . '<' expr  (21)
	expr : expr . '>' expr  (22)
	expr : expr . GE expr  (23)
	expr : expr . LE expr  (24)
	expr : expr . NE expr  (25)
	expr : expr . EQ expr  (26)

	.  reduce 18


state 58
	expr : expr . '+' expr  (16)
	expr : expr . '-' expr  (17)
	expr : expr . '*' expr  (18)
	expr : expr . '/' expr  (19)
	expr : expr '/' expr .  (19)
	expr : expr . '%' expr  (20)
	expr : expr . '<' expr  (21)
	expr : expr . '>' expr  (22)
	expr : expr . GE expr  (23)
	expr : expr . LE expr  (24)
	expr : expr . NE expr  (25)
	expr : expr . EQ expr  (26)

	.  reduce 19


state 59
	expr : expr . '+' expr  (16)
	expr : expr . '-' expr  (17)
	expr : expr . '*' expr  (18)
	expr : expr . '/' expr  (19)
	expr : expr . '%' expr  (20)
	expr : expr '%' expr .  (20)
	expr : expr . '<' expr  (21)
	expr : expr . '>' expr  (22)
	expr : expr . GE expr  (23)
	expr : expr . LE expr  (24)
	expr : expr . NE expr  (25)
	expr : expr . EQ expr  (26)

	.  reduce 20


state 60
	stmt : WHILE '(' expr ')' stmt .  (7)

	.  reduce 7


state 61
	stmt : IF '(' expr ')' stmt .  (8)
	stmt : IF '(' expr ')' stmt . ELSE stmt  (9)

	ELSE  shift 62
	VARIABLE  reduce 8
	WHILE  reduce 8
	IF  reduce 8
	PRINT  reduce 8
	READ  reduce 8
	END  reduce 8
	';'  reduce 8
	'{'  reduce 8
	'}'  reduce 8


state 62
	stmt : IF '(' expr ')' stmt ELSE . stmt  (9)

	VARIABLE  shift 3
	WHILE  shift 4
	IF  shift 5
	PRINT  shift 6
	READ  shift 7
	';'  shift 8
	'{'  shift 9
	.  error

	stmt  goto 63


state 63
	stmt : IF '(' expr ')' stmt ELSE stmt .  (9)

	.  reduce 9


36 terminals, 5 nonterminals
28 grammar rules, 64 states
